<?xml version="1.0" encoding="UTF-8"?>
<testsuite xmlns:xsi="http://www.w3.org/2001/XMLSchema-instance" xsi:noNamespaceSchemaLocation="https://maven.apache.org/surefire/maven-surefire-plugin/xsd/surefire-test-report.xsd" name="BlackJackGameTest" time="0.011" tests="12" errors="0" skipped="0" failures="0">
  <properties>
[...]
</properties>
  <testcase name="testPlayerBlackJack" classname="BlackJackGameTest" time="0"/>
  <testcase name="evaluatePlayerWin" classname="BlackJackGameTest" time="0"/>
  <testcase name="evaluateDealerWin" classname="BlackJackGameTest" time="0"/>
  <testcase name="evaluateDraw" classname="BlackJackGameTest" time="0"/>
  <testcase name="testDealerBlackJack" classname="BlackJackGameTest" time="0"/>
  <testcase name="testHitCard" classname="BlackJackGameTest" time="0"/>
  <testcase name="testDealerBust" classname="BlackJackGameTest" time="0.002"/>
  <testcase name="testPlayerBust" classname="BlackJackGameTest" time="0"/>
  <testcase name="testSetBet" classname="BlackJackGameTest" time="0.001"/>
  <testcase name="evalutePlayerBlackJack" classname="BlackJackGameTest" time="0.001"/>
  <testcase name="testDealerHitCard" classname="BlackJackGameTest" time="0.001"/>
  <testcase name="testNewRound" classname="BlackJackGameTest" time="0.002"/>
</testsuite>